r:\projects\100k challange\2014\randomizer\randomizer\debug\randomizer.pch
r:\projects\100k challange\2014\randomizer\randomizer\debug\vc120.pdb
r:\projects\100k challange\2014\randomizer\randomizer\debug\vc120.idb
r:\projects\100k challange\2014\randomizer\randomizer\debug\stdafx.obj
r:\projects\100k challange\2014\randomizer\randomizer\debug\alphabetagameengine.obj
r:\projects\100k challange\2014\randomizer\randomizer\debug\alphabetagameunit.obj
r:\projects\100k challange\2014\randomizer\randomizer\debug\alphabetagamebase.obj
r:\projects\100k challange\2014\randomizer\randomizer\debug\alphabetagamegrid.obj
r:\projects\100k challange\2014\randomizer\randomizer\debug\consoleapplication.obj
r:\projects\100k challange\2014\randomizer\randomizer\debug\main.obj
r:\projects\100k challange\2014\randomizer\randomizer\debug\staticutility.obj
r:\projects\100k challange\2014\randomizer\debug\randomizer.ilk
r:\projects\100k challange\2014\randomizer\debug\randomizer.exe
r:\projects\100k challange\2014\randomizer\debug\randomizer.pdb
r:\projects\100k challange\2014\randomizer\randomizer\debug\randomizer.tlog\cl.command.1.tlog
r:\projects\100k challange\2014\randomizer\randomizer\debug\randomizer.tlog\cl.read.1.tlog
r:\projects\100k challange\2014\randomizer\randomizer\debug\randomizer.tlog\cl.write.1.tlog
r:\projects\100k challange\2014\randomizer\randomizer\debug\randomizer.tlog\link.command.1.tlog
r:\projects\100k challange\2014\randomizer\randomizer\debug\randomizer.tlog\link.read.1.tlog
r:\projects\100k challange\2014\randomizer\randomizer\debug\randomizer.tlog\link.write.1.tlog
